POST /users/register 401 52 - 2.696 ms
POST /users/login 401 52 - 0.642 ms
POST /users/login 401 52 - 0.529 ms
POST /users/login 401 52 - 0.549 ms
GET /users/me 404 147 - 6.291 ms
PUT /users/me 404 147 - 3.078 ms
POST /users/change-password 404 161 - 1.197 ms
GET /users 404 144 - 1.220 ms
GET /users 404 144 - 1.327 ms
GET /users/698bd93269898524cfc58afb 404 169 - 1.024 ms
GET /users/698bd93269898524cfc58aff 404 169 - 1.093 ms
DELETE /users/698bd93369898524cfc58b03 404 172 - 1.397 ms
POST /users/register 401 52 - 2.589 ms
POST /users/login 401 52 - 0.639 ms
POST /users/login 401 52 - 0.362 ms
POST /users/login 401 52 - 0.408 ms
GET /users/me 404 147 - 2.816 ms
PUT /users/me 404 147 - 1.047 ms
POST /users/change-password 404 161 - 1.121 ms
GET /users 404 144 - 1.079 ms
GET /users 404 144 - 1.404 ms
GET /users/698bd97b2b9909e5fc4fdbf4 404 169 - 1.097 ms
GET /users/698bd97b2b9909e5fc4fdbf8 404 169 - 1.075 ms
DELETE /users/698bd97b2b9909e5fc4fdbfc 404 172 - 1.071 ms
POST /users/register 401 52 - 2.703 ms
POST /users/login 401 52 - 0.683 ms
POST /users/login 401 52 - 0.381 ms
POST /users/login 401 52 - 0.394 ms
GET /users/me 404 147 - 3.043 ms
PUT /users/me 404 147 - 1.100 ms
POST /users/change-password 404 161 - 1.202 ms
GET /users 404 144 - 1.097 ms
GET /users 404 144 - 1.104 ms
GET /users/698bd9c2a6c7109b6a03462d 404 169 - 1.138 ms
GET /users/698bd9c2a6c7109b6a034631 404 169 - 1.059 ms
DELETE /users/698bd9c2a6c7109b6a034635 404 172 - 1.078 ms
POST /users/register 401 52 - 3.008 ms
POST /users/login 401 52 - 0.585 ms
POST /users/login 401 52 - 0.507 ms
POST /users/login 401 52 - 0.431 ms
GET /users/me 404 147 - 3.376 ms
PUT /users/me 404 147 - 1.270 ms
POST /users/change-password 404 161 - 1.204 ms
GET /users 404 144 - 1.152 ms
GET /users 404 144 - 1.274 ms
GET /users/698bda01d6048408b1b6796e 404 169 - 1.232 ms
GET /users/698bda01d6048408b1b67972 404 169 - 1.134 ms
DELETE /users/698bda01d6048408b1b67976 404 172 - 1.226 ms
POST /users/register 400 91 - 4.005 ms
POST /users/login 200 250 - 74.770 ms
POST /users/login 500 1946 - 2.379 ms
POST /users/login 500 1946 - 66.014 ms
GET /users/me 500 1946 - 5.507 ms
PUT /users/me 500 1946 - 5.928 ms
POST /users/change-password 500 1947 - 3.246 ms
GET /users 200 508 - 4.154 ms
GET /users 403 23 - 1.145 ms
GET /users/698bda43a000950abcfb3382 200 270 - 3.901 ms
GET /users/698bda43a000950abcfb3387 403 23 - 0.983 ms
DELETE /users/698bda43a000950abcfb338b 200 58 - 4.583 ms
